<?xml version="1.0" encoding="UTF-8"?>
<testsuite xmlns:xsi="http://www.w3.org/2001/XMLSchema-instance" xsi:noNamespaceSchemaLocation="https://maven.apache.org/surefire/maven-surefire-plugin/xsd/surefire-test-report.xsd" name="com.automation.runner.TestRunner" time="10.755" tests="6" errors="0" skipped="0" failures="3">
  <properties>
[...]
</properties>
  <testcase name="testSuite[1][1]" classname="com.automation.runner.TestRunner" time="3.353"/>
  <testcase name="testSuite[1][2]" classname="com.automation.runner.TestRunner" time="1.18"/>
  <testcase name="testSuite[1][3]" classname="com.automation.runner.TestRunner" time="1.192"/>
  <testcase name="testSuite[1][4]" classname="com.automation.runner.TestRunner" time="1.095">
    <failure message="status code was: 429, expected: 201, response time in milliseconds: 1032, url: https://freefakeapi.io/api/posts/10, response: &#10;&lt;!--Debug [[Security_Rule = &quot;&quot;; More_info = &quot;&quot;; HTTP_Code = &quot;429&quot;&quot;; Request_ID = &quot;a8ad0c293ce8b8edeb9a4adf8490126d&quot;; Support = &quot;support@o2switch.fr&quot;; Link = &quot;https://faq.o2switch.fr/hebergement-mutualise/tutoriels-cpanel/tiger-protect&quot;]] EndOfDebug--&gt;&#10;&lt;!DOCTYPE HTML&gt;&#10;&lt;html lang=&quot;en-US&quot;&gt;&#10;&lt;head&gt;&#10;  &lt;meta charset=&quot;UTF-8&quot; /&gt;&#10;  &lt;meta http-equiv=&quot;Content-Type&quot; content=&quot;text/html; charset=UTF-8&quot; /&gt;&#10;  &lt;meta http-equiv=&quot;X-UA-Compatible&quot; content=&quot;IE=Edge,chrome=1&quot; /&gt;&#10;  &lt;meta name=&quot;robots&quot; content=&quot;noindex&quot; /&gt;&#10;  &lt;meta name=&quot;retry-after&quot; content=&quot;240&quot; /&gt;&#10;  &lt;meta name=&quot;viewport&quot; content=&quot;width=device-width, initial-scale=1, maximum-scale=1&quot; /&gt;&#10;  &lt;link rel=&quot;stylesheet&quot; href=&quot;https://cdnjs.cloudflare.com/ajax/libs/font-awesome/5.15.3/css/all.min.css&quot; integrity=&quot;sha512-iBBXm8fW90+nuLcSKlbmrPcLa0OT92xO1BIsZ+ywDWZCvqsWgccV3gFoRBv0z+8dLJgyAHIhR35VZc2oM/gI1w==&quot; crossorigin=&quot;anonymous&quot; referrerpolicy=&quot;no-referrer&quot; /&gt;&#10;  &lt;script src=&quot;https://cdnjs.cloudflare.com/ajax/libs/font-awesome/5.15.3/js/all.min.js&quot; integrity=&quot;sha512-RXf+QSDCUQs5uwRKaDoXt55jygZZm2V++WUZduaU/Ui/9EGp3f/2KZVahFZBKGH0s774sd3HmrhUy+SgOFQLVQ==&quot; crossorigin=&quot;anonymous&quot; referrerpolicy=&quot;no-referrer&quot;&gt;&lt;/script&gt;&#10;  &lt;script src=&quot;https://cdnjs.cloudflare.com/ajax/libs/jquery/3.6.1/jquery.min.js&quot; integrity=&quot;sha512-aVKKRRi/Q/YV+4mjoKBsE4x3H+BkegoM/em46NNlCqNTmUYADjBbeNefNxYV7giUp0VxICtqdrbqU7iVaeZNXA==&quot; crossorigin=&quot;anonymous&quot; referrerpolicy=&quot;no-referrer&quot;&gt;&lt;/script&gt;&#10;  &lt;link id=&quot;favicon&quot; rel=&quot;shortcut icon&quot; type=&quot;image/svg+xml&quot; href=&quot;https://o2swit.ch/assets/favicon.svg&quot;/&gt;&#10;  &lt;link href=&quot;https://o2swit.ch/assets/style.css&quot; rel=&quot;stylesheet&quot;&gt;&#10;&#10;  &lt;title&gt;HTTP 429&lt;/title&gt;&#10;&lt;/head&gt;&#10;&lt;body&gt;&#10;&lt;table width=&quot;100%&quot; height=&quot;100%&quot; cellpadding=&quot;20&quot;&gt;&#10;  &lt;tr&gt;&#10;    &lt;td align=&quot;center&quot; valign=&quot;middle&quot;&gt;&#10;      &lt;div class=&quot;o2s-browser-check&quot;&gt;&#10;        &lt;div id=&quot;o2s-content&quot;&gt;&#10;          &lt;h1&gt;&#10;            &#10;              &lt;i class=&quot;fas fa-hand-paper&quot;&gt;&lt;/i&gt;&#10;            &#10;            HTTP 429&lt;br/&gt;&#10;            &lt;small data-i18n-key=&quot;title&quot;&gt;&#10;              &#10;                Ralentissez&#10;              &#10;            &lt;/small&gt;&#10;          &lt;/h1&gt;&#10;&#10;          &lt;p style=&quot;margin-top:2em;&quot; data-i18n-key=&quot;lead&quot;&gt;&#10;            &#10;              Cette requête a été bloquée par une sécurité activée sur l&apos;hébergement, suite à de trop nombreuses&#10;              tentatives d&apos;accès détecté (Rate-limit). &lt;br/&gt;&#10;              Si vous êtes le webmaster de ce site, vous pouvez désactiver cette sécurité depuis votre compte cPanel.&#10;            &#10;          &lt;/p&gt;&#10;&#10;          &#10;&#10;          &#10;            &lt;p style=&quot;margin-top:1em;&quot;&gt; &#10;              &lt;span style=&quot;text-decoration:  none;&quot;&gt;&lt;i class=&quot;fas fa-external-link-alt&quot;&gt;&lt;/i&gt; &lt;/span&gt;&#10;              &lt;a href=&quot;https://faq.o2switch.fr/hebergement-mutualise/tutoriels-cpanel/tiger-protect&quot; target=&quot;_blank&quot;&gt;&#10;                &lt;span data-i18n-key=&quot;link&quot;&gt;&#10;                  Comment gérer cette sécurité avec TigerProtect dans cPanel ?&#10;                &lt;/span&gt;&#10;              &lt;/a&gt;&#10;            &lt;/p&gt;&#10;          &#10;&#10;&#10;          &#10;&#10;        &lt;/div&gt;&#10;      &lt;/div&gt;&#10;&#10;      &#10;      &lt;div&gt;&#10;        &lt;img id=&quot;img&quot; width=&quot;250&quot; src=&quot;https://o2swit.ch/assets/tiger.svg&quot; /&gt;&#10;        &lt;br/&gt;&lt;br/&gt;&#10;        &lt;small&gt;&#10;          &lt;a href=&quot;https://www.o2switch.fr&quot; target=&quot;_blank&quot;&gt;support@o2switch.fr&lt;/a&gt;&#10;          -&#10;          &lt;a href=&quot;https://faq.o2switch.fr/hebergement-mutualise/tutoriels-cpanel/tiger-protect&quot; target=&quot;_blank&quot;&gt;Tiger Protect&lt;/a&gt; &lt;br/&gt;&#10;          &lt;strong&gt;Request ID &lt;/strong&gt;: 60db960d745d22f2c433f98213f587ea&#10;        &lt;/small&gt;&#10;        &lt;br&gt;&#10;      &lt;/div&gt;&#10;&#10;      &#10;    &lt;/td&gt;&#10;  &lt;/tr&gt;&#10;&lt;/table&gt;&#10;&#10;&lt;script type=&quot;text/javascript&quot;&gt;&#10;  $(document).ready(function() {&#10;      const supportedLocales = [&quot;en&quot;, &quot;fr&quot;];&#10;      const translations = {&#10;          &quot;en&quot;: {&#10;              &quot;title&quot;: `&#10;                  &#10;                    Slow down&#10;                  &#10;              `,&#10;              &quot;lead&quot;: `&#10;                &#10;                  This request was blocked by a security enabled on the hosting account, following too many&#10;                  access attempts detected (Rate-limited).&lt;br/&gt;&#10;                  If you are the webmaster of this site, you can disable this security from your cPanel account.&#10;                &#10;              `,&#10;              &quot;link&quot;: &quot;How to manage this security with the Tiger Protect Tool on cPanel ?&quot;, &#10;              &quot;rule&quot; : &quot;Name of the security rule triggered&quot;&#10;          },&#10;          &quot;fr&quot;: {&#10;              &quot;title&quot;: `&#10;                &#10;                  Ralentissez&#10;                              &#10;              `,&#10;              &quot;lead&quot;: `&#10;                  &#10;                    Cette requête a été bloquée par une sécurité activée sur l&apos;hébergement, suite à de trop nombreuses&#10;                    tentatives d&apos;accès détecté (Rate-limit). &lt;br/&gt;&#10;                    Si vous êtes le webmaster de ce site, vous pouvez désactiver cette sécurité depuis votre compte cPanel.&#10;                  &#10;              `,&#10;              &quot;link&quot;: &quot;Comment gérer cette sécurité avec TigerProtect dans cPanel ?&quot;, &#10;              &quot;rule&quot; : &quot;Nom de la règle de sécurité déclenchée&quot;&#10;          },&#10;      };&#10;      function browserLocales(languageCodeOnly = false) {&#10;          return navigator.languages.map((locale) =&gt;&#10;              languageCodeOnly ? locale.split(&quot;-&quot;)[0] : locale,&#10;          );&#10;      }&#10;      function isSupported(locale) {&#10;          return supportedLocales.indexOf(locale) &gt; -1;&#10;      }&#10;      function supportedOrDefault(locales) {&#10;          return locales.find(isSupported) || &apos;en&apos;;&#10;      }&#10;      const locale = supportedOrDefault(browserLocales(true));&#10;&#10;      document.querySelectorAll(&quot;[data-i18n-key]&quot;).forEach(function(element) {&#10;              const key = element.getAttribute(&quot;data-i18n-key&quot;);&#10;              const translation = translations[locale][key];&#10;              element.innerHTML = translation;&#10;          }&#10;      );&#10;    });&#10;  &lt;/script&gt;&#10;&lt;/body&gt;&#10;&lt;/html&gt;&#10;&#10;&lt;!--Debug [[Security_Rule = &quot;&quot;; More_info = &quot;&quot;; HTTP_Code = &quot;429&quot;&quot;; Request_ID = &quot;7b831f66cd8bf534532be91e538f42a2&quot;; Support = &quot;support@o2switch.fr&quot;; Link = &quot;https://faq.o2switch.fr/hebergement-mutualise/tutoriels-cpanel/tiger-protect&quot;]] EndOfDebug--&gt;&#10;&#10;classpath:features/FreeFakeAPI.feature:38" type="org.opentest4j.AssertionFailedError"><![CDATA[org.opentest4j.AssertionFailedError: 
status code was: 429, expected: 201, response time in milliseconds: 1032, url: https://freefakeapi.io/api/posts/10, response: 
<!--Debug [[Security_Rule = ""; More_info = ""; HTTP_Code = "429""; Request_ID = "a8ad0c293ce8b8edeb9a4adf8490126d"; Support = "support@o2switch.fr"; Link = "https://faq.o2switch.fr/hebergement-mutualise/tutoriels-cpanel/tiger-protect"]] EndOfDebug-->
<!DOCTYPE HTML>
<html lang="en-US">
<head>
  <meta charset="UTF-8" />
  <meta http-equiv="Content-Type" content="text/html; charset=UTF-8" />
  <meta http-equiv="X-UA-Compatible" content="IE=Edge,chrome=1" />
  <meta name="robots" content="noindex" />
  <meta name="retry-after" content="240" />
  <meta name="viewport" content="width=device-width, initial-scale=1, maximum-scale=1" />
  <link rel="stylesheet" href="https://cdnjs.cloudflare.com/ajax/libs/font-awesome/5.15.3/css/all.min.css" integrity="sha512-iBBXm8fW90+nuLcSKlbmrPcLa0OT92xO1BIsZ+ywDWZCvqsWgccV3gFoRBv0z+8dLJgyAHIhR35VZc2oM/gI1w==" crossorigin="anonymous" referrerpolicy="no-referrer" />
  <script src="https://cdnjs.cloudflare.com/ajax/libs/font-awesome/5.15.3/js/all.min.js" integrity="sha512-RXf+QSDCUQs5uwRKaDoXt55jygZZm2V++WUZduaU/Ui/9EGp3f/2KZVahFZBKGH0s774sd3HmrhUy+SgOFQLVQ==" crossorigin="anonymous" referrerpolicy="no-referrer"></script>
  <script src="https://cdnjs.cloudflare.com/ajax/libs/jquery/3.6.1/jquery.min.js" integrity="sha512-aVKKRRi/Q/YV+4mjoKBsE4x3H+BkegoM/em46NNlCqNTmUYADjBbeNefNxYV7giUp0VxICtqdrbqU7iVaeZNXA==" crossorigin="anonymous" referrerpolicy="no-referrer"></script>
  <link id="favicon" rel="shortcut icon" type="image/svg+xml" href="https://o2swit.ch/assets/favicon.svg"/>
  <link href="https://o2swit.ch/assets/style.css" rel="stylesheet">

  <title>HTTP 429</title>
</head>
<body>
<table width="100%" height="100%" cellpadding="20">
  <tr>
    <td align="center" valign="middle">
      <div class="o2s-browser-check">
        <div id="o2s-content">
          <h1>
            
              <i class="fas fa-hand-paper"></i>
            
            HTTP 429<br/>
            <small data-i18n-key="title">
              
                Ralentissez
              
            </small>
          </h1>

          <p style="margin-top:2em;" data-i18n-key="lead">
            
              Cette requête a été bloquée par une sécurité activée sur l'hébergement, suite à de trop nombreuses
              tentatives d'accès détecté (Rate-limit). <br/>
              Si vous êtes le webmaster de ce site, vous pouvez désactiver cette sécurité depuis votre compte cPanel.
            
          </p>

          

          
            <p style="margin-top:1em;"> 
              <span style="text-decoration:  none;"><i class="fas fa-external-link-alt"></i> </span>
              <a href="https://faq.o2switch.fr/hebergement-mutualise/tutoriels-cpanel/tiger-protect" target="_blank">
                <span data-i18n-key="link">
                  Comment gérer cette sécurité avec TigerProtect dans cPanel ?
                </span>
              </a>
            </p>
          


          

        </div>
      </div>

      
      <div>
        <img id="img" width="250" src="https://o2swit.ch/assets/tiger.svg" />
        <br/><br/>
        <small>
          <a href="https://www.o2switch.fr" target="_blank">support@o2switch.fr</a>
          -
          <a href="https://faq.o2switch.fr/hebergement-mutualise/tutoriels-cpanel/tiger-protect" target="_blank">Tiger Protect</a> <br/>
          <strong>Request ID </strong>: 60db960d745d22f2c433f98213f587ea
        </small>
        <br>
      </div>

      
    </td>
  </tr>
</table>

<script type="text/javascript">
  $(document).ready(function() {
      const supportedLocales = ["en", "fr"];
      const translations = {
          "en": {
              "title": `
                  
                    Slow down
                  
              `,
              "lead": `
                
                  This request was blocked by a security enabled on the hosting account, following too many
                  access attempts detected (Rate-limited).<br/>
                  If you are the webmaster of this site, you can disable this security from your cPanel account.
                
              `,
              "link": "How to manage this security with the Tiger Protect Tool on cPanel ?", 
              "rule" : "Name of the security rule triggered"
          },
          "fr": {
              "title": `
                
                  Ralentissez
                              
              `,
              "lead": `
                  
                    Cette requête a été bloquée par une sécurité activée sur l'hébergement, suite à de trop nombreuses
                    tentatives d'accès détecté (Rate-limit). <br/>
                    Si vous êtes le webmaster de ce site, vous pouvez désactiver cette sécurité depuis votre compte cPanel.
                  
              `,
              "link": "Comment gérer cette sécurité avec TigerProtect dans cPanel ?", 
              "rule" : "Nom de la règle de sécurité déclenchée"
          },
      };
      function browserLocales(languageCodeOnly = false) {
          return navigator.languages.map((locale) =>
              languageCodeOnly ? locale.split("-")[0] : locale,
          );
      }
      function isSupported(locale) {
          return supportedLocales.indexOf(locale) > -1;
      }
      function supportedOrDefault(locales) {
          return locales.find(isSupported) || 'en';
      }
      const locale = supportedOrDefault(browserLocales(true));

      document.querySelectorAll("[data-i18n-key]").forEach(function(element) {
              const key = element.getAttribute("data-i18n-key");
              const translation = translations[locale][key];
              element.innerHTML = translation;
          }
      );
    });
  </script>
</body>
</html>

<!--Debug [[Security_Rule = ""; More_info = ""; HTTP_Code = "429""; Request_ID = "7b831f66cd8bf534532be91e538f42a2"; Support = "support@o2switch.fr"; Link = "https://faq.o2switch.fr/hebergement-mutualise/tutoriels-cpanel/tiger-protect"]] EndOfDebug-->

classpath:features/FreeFakeAPI.feature:38
]]></failure>
    <system-out><![CDATA[13:16:09.743 [main] ERROR com.intuit.karate - classpath:features/FreeFakeAPI.feature:38
Then status 201
status code was: 429, expected: 201, response time in milliseconds: 1032, url: https://freefakeapi.io/api/posts/10, response: 
<!--Debug [[Security_Rule = ""; More_info = ""; HTTP_Code = "429""; Request_ID = "a8ad0c293ce8b8edeb9a4adf8490126d"; Support = "support@o2switch.fr"; Link = "https://faq.o2switch.fr/hebergement-mutualise/tutoriels-cpanel/tiger-protect"]] EndOfDebug-->
<!DOCTYPE HTML>
<html lang="en-US">
<head>
  <meta charset="UTF-8" />
  <meta http-equiv="Content-Type" content="text/html; charset=UTF-8" />
  <meta http-equiv="X-UA-Compatible" content="IE=Edge,chrome=1" />
  <meta name="robots" content="noindex" />
  <meta name="retry-after" content="240" />
  <meta name="viewport" content="width=device-width, initial-scale=1, maximum-scale=1" />
  <link rel="stylesheet" href="https://cdnjs.cloudflare.com/ajax/libs/font-awesome/5.15.3/css/all.min.css" integrity="sha512-iBBXm8fW90+nuLcSKlbmrPcLa0OT92xO1BIsZ+ywDWZCvqsWgccV3gFoRBv0z+8dLJgyAHIhR35VZc2oM/gI1w==" crossorigin="anonymous" referrerpolicy="no-referrer" />
  <script src="https://cdnjs.cloudflare.com/ajax/libs/font-awesome/5.15.3/js/all.min.js" integrity="sha512-RXf+QSDCUQs5uwRKaDoXt55jygZZm2V++WUZduaU/Ui/9EGp3f/2KZVahFZBKGH0s774sd3HmrhUy+SgOFQLVQ==" crossorigin="anonymous" referrerpolicy="no-referrer"></script>
  <script src="https://cdnjs.cloudflare.com/ajax/libs/jquery/3.6.1/jquery.min.js" integrity="sha512-aVKKRRi/Q/YV+4mjoKBsE4x3H+BkegoM/em46NNlCqNTmUYADjBbeNefNxYV7giUp0VxICtqdrbqU7iVaeZNXA==" crossorigin="anonymous" referrerpolicy="no-referrer"></script>
  <link id="favicon" rel="shortcut icon" type="image/svg+xml" href="https://o2swit.ch/assets/favicon.svg"/>
  <link href="https://o2swit.ch/assets/style.css" rel="stylesheet">

  <title>HTTP 429</title>
</head>
<body>
<table width="100%" height="100%" cellpadding="20">
  <tr>
    <td align="center" valign="middle">
      <div class="o2s-browser-check">
        <div id="o2s-content">
          <h1>
            
              <i class="fas fa-hand-paper"></i>
            
            HTTP 429<br/>
            <small data-i18n-key="title">
              
                Ralentissez
              
            </small>
          </h1>

          <p style="margin-top:2em;" data-i18n-key="lead">
            
              Cette requête a été bloquée par une sécurité activée sur l'hébergement, suite à de trop nombreuses
              tentatives d'accès détecté (Rate-limit). <br/>
              Si vous êtes le webmaster de ce site, vous pouvez désactiver cette sécurité depuis votre compte cPanel.
            
          </p>

          

          
            <p style="margin-top:1em;"> 
              <span style="text-decoration:  none;"><i class="fas fa-external-link-alt"></i> </span>
              <a href="https://faq.o2switch.fr/hebergement-mutualise/tutoriels-cpanel/tiger-protect" target="_blank">
                <span data-i18n-key="link">
                  Comment gérer cette sécurité avec TigerProtect dans cPanel ?
                </span>
              </a>
            </p>
          


          

        </div>
      </div>

      
      <div>
        <img id="img" width="250" src="https://o2swit.ch/assets/tiger.svg" />
        <br/><br/>
        <small>
          <a href="https://www.o2switch.fr" target="_blank">support@o2switch.fr</a>
          -
          <a href="https://faq.o2switch.fr/hebergement-mutualise/tutoriels-cpanel/tiger-protect" target="_blank">Tiger Protect</a> <br/>
          <strong>Request ID </strong>: 60db960d745d22f2c433f98213f587ea
        </small>
        <br>
      </div>

      
    </td>
  </tr>
</table>

<script type="text/javascript">
  $(document).ready(function() {
      const supportedLocales = ["en", "fr"];
      const translations = {
          "en": {
              "title": `
                  
                    Slow down
                  
              `,
              "lead": `
                
                  This request was blocked by a security enabled on the hosting account, following too many
                  access attempts detected (Rate-limited).<br/>
                  If you are the webmaster of this site, you can disable this security from your cPanel account.
                
              `,
              "link": "How to manage this security with the Tiger Protect Tool on cPanel ?", 
              "rule" : "Name of the security rule triggered"
          },
          "fr": {
              "title": `
                
                  Ralentissez
                              
              `,
              "lead": `
                  
                    Cette requête a été bloquée par une sécurité activée sur l'hébergement, suite à de trop nombreuses
                    tentatives d'accès détecté (Rate-limit). <br/>
                    Si vous êtes le webmaster de ce site, vous pouvez désactiver cette sécurité depuis votre compte cPanel.
                  
              `,
              "link": "Comment gérer cette sécurité avec TigerProtect dans cPanel ?", 
              "rule" : "Nom de la règle de sécurité déclenchée"
          },
      };
      function browserLocales(languageCodeOnly = false) {
          return navigator.languages.map((locale) =>
              languageCodeOnly ? locale.split("-")[0] : locale,
          );
      }
      function isSupported(locale) {
          return supportedLocales.indexOf(locale) > -1;
      }
      function supportedOrDefault(locales) {
          return locales.find(isSupported) || 'en';
      }
      const locale = supportedOrDefault(browserLocales(true));

      document.querySelectorAll("[data-i18n-key]").forEach(function(element) {
              const key = element.getAttribute("data-i18n-key");
              const translation = translations[locale][key];
              element.innerHTML = translation;
          }
      );
    });
  </script>
</body>
</html>

<!--Debug [[Security_Rule = ""; More_info = ""; HTTP_Code = "429""; Request_ID = "7b831f66cd8bf534532be91e538f42a2"; Support = "support@o2switch.fr"; Link = "https://faq.o2switch.fr/hebergement-mutualise/tutoriels-cpanel/tiger-protect"]] EndOfDebug-->

classpath:features/FreeFakeAPI.feature:38
]]></system-out>
  </testcase>
  <testcase name="testSuite[1][5]" classname="com.automation.runner.TestRunner" time="1.095">
    <failure message="status code was: 429, expected: 200, response time in milliseconds: 1069, url: https://freefakeapi.io/api/posts/16, response: &#10;&lt;!--Debug [[Security_Rule = &quot;&quot;; More_info = &quot;&quot;; HTTP_Code = &quot;429&quot;&quot;; Request_ID = &quot;c1fccea99f1d0e8a2bbf2ac3a7c465ba&quot;; Support = &quot;support@o2switch.fr&quot;; Link = &quot;https://faq.o2switch.fr/hebergement-mutualise/tutoriels-cpanel/tiger-protect&quot;]] EndOfDebug--&gt;&#10;&lt;!DOCTYPE HTML&gt;&#10;&lt;html lang=&quot;en-US&quot;&gt;&#10;&lt;head&gt;&#10;  &lt;meta charset=&quot;UTF-8&quot; /&gt;&#10;  &lt;meta http-equiv=&quot;Content-Type&quot; content=&quot;text/html; charset=UTF-8&quot; /&gt;&#10;  &lt;meta http-equiv=&quot;X-UA-Compatible&quot; content=&quot;IE=Edge,chrome=1&quot; /&gt;&#10;  &lt;meta name=&quot;robots&quot; content=&quot;noindex&quot; /&gt;&#10;  &lt;meta name=&quot;retry-after&quot; content=&quot;240&quot; /&gt;&#10;  &lt;meta name=&quot;viewport&quot; content=&quot;width=device-width, initial-scale=1, maximum-scale=1&quot; /&gt;&#10;  &lt;link rel=&quot;stylesheet&quot; href=&quot;https://cdnjs.cloudflare.com/ajax/libs/font-awesome/5.15.3/css/all.min.css&quot; integrity=&quot;sha512-iBBXm8fW90+nuLcSKlbmrPcLa0OT92xO1BIsZ+ywDWZCvqsWgccV3gFoRBv0z+8dLJgyAHIhR35VZc2oM/gI1w==&quot; crossorigin=&quot;anonymous&quot; referrerpolicy=&quot;no-referrer&quot; /&gt;&#10;  &lt;script src=&quot;https://cdnjs.cloudflare.com/ajax/libs/font-awesome/5.15.3/js/all.min.js&quot; integrity=&quot;sha512-RXf+QSDCUQs5uwRKaDoXt55jygZZm2V++WUZduaU/Ui/9EGp3f/2KZVahFZBKGH0s774sd3HmrhUy+SgOFQLVQ==&quot; crossorigin=&quot;anonymous&quot; referrerpolicy=&quot;no-referrer&quot;&gt;&lt;/script&gt;&#10;  &lt;script src=&quot;https://cdnjs.cloudflare.com/ajax/libs/jquery/3.6.1/jquery.min.js&quot; integrity=&quot;sha512-aVKKRRi/Q/YV+4mjoKBsE4x3H+BkegoM/em46NNlCqNTmUYADjBbeNefNxYV7giUp0VxICtqdrbqU7iVaeZNXA==&quot; crossorigin=&quot;anonymous&quot; referrerpolicy=&quot;no-referrer&quot;&gt;&lt;/script&gt;&#10;  &lt;link id=&quot;favicon&quot; rel=&quot;shortcut icon&quot; type=&quot;image/svg+xml&quot; href=&quot;https://o2swit.ch/assets/favicon.svg&quot;/&gt;&#10;  &lt;link href=&quot;https://o2swit.ch/assets/style.css&quot; rel=&quot;stylesheet&quot;&gt;&#10;&#10;  &lt;title&gt;HTTP 429&lt;/title&gt;&#10;&lt;/head&gt;&#10;&lt;body&gt;&#10;&lt;table width=&quot;100%&quot; height=&quot;100%&quot; cellpadding=&quot;20&quot;&gt;&#10;  &lt;tr&gt;&#10;    &lt;td align=&quot;center&quot; valign=&quot;middle&quot;&gt;&#10;      &lt;div class=&quot;o2s-browser-check&quot;&gt;&#10;        &lt;div id=&quot;o2s-content&quot;&gt;&#10;          &lt;h1&gt;&#10;            &#10;              &lt;i class=&quot;fas fa-hand-paper&quot;&gt;&lt;/i&gt;&#10;            &#10;            HTTP 429&lt;br/&gt;&#10;            &lt;small data-i18n-key=&quot;title&quot;&gt;&#10;              &#10;                Ralentissez&#10;              &#10;            &lt;/small&gt;&#10;          &lt;/h1&gt;&#10;&#10;          &lt;p style=&quot;margin-top:2em;&quot; data-i18n-key=&quot;lead&quot;&gt;&#10;            &#10;              Cette requête a été bloquée par une sécurité activée sur l&apos;hébergement, suite à de trop nombreuses&#10;              tentatives d&apos;accès détecté (Rate-limit). &lt;br/&gt;&#10;              Si vous êtes le webmaster de ce site, vous pouvez désactiver cette sécurité depuis votre compte cPanel.&#10;            &#10;          &lt;/p&gt;&#10;&#10;          &#10;&#10;          &#10;            &lt;p style=&quot;margin-top:1em;&quot;&gt; &#10;              &lt;span style=&quot;text-decoration:  none;&quot;&gt;&lt;i class=&quot;fas fa-external-link-alt&quot;&gt;&lt;/i&gt; &lt;/span&gt;&#10;              &lt;a href=&quot;https://faq.o2switch.fr/hebergement-mutualise/tutoriels-cpanel/tiger-protect&quot; target=&quot;_blank&quot;&gt;&#10;                &lt;span data-i18n-key=&quot;link&quot;&gt;&#10;                  Comment gérer cette sécurité avec TigerProtect dans cPanel ?&#10;                &lt;/span&gt;&#10;              &lt;/a&gt;&#10;            &lt;/p&gt;&#10;          &#10;&#10;&#10;          &#10;&#10;        &lt;/div&gt;&#10;      &lt;/div&gt;&#10;&#10;      &#10;      &lt;div&gt;&#10;        &lt;img id=&quot;img&quot; width=&quot;250&quot; src=&quot;https://o2swit.ch/assets/tiger.svg&quot; /&gt;&#10;        &lt;br/&gt;&lt;br/&gt;&#10;        &lt;small&gt;&#10;          &lt;a href=&quot;https://www.o2switch.fr&quot; target=&quot;_blank&quot;&gt;support@o2switch.fr&lt;/a&gt;&#10;          -&#10;          &lt;a href=&quot;https://faq.o2switch.fr/hebergement-mutualise/tutoriels-cpanel/tiger-protect&quot; target=&quot;_blank&quot;&gt;Tiger Protect&lt;/a&gt; &lt;br/&gt;&#10;          &lt;strong&gt;Request ID &lt;/strong&gt;: 4967eb8e13d92b051a02f1e4b56225aa&#10;        &lt;/small&gt;&#10;        &lt;br&gt;&#10;      &lt;/div&gt;&#10;&#10;      &#10;    &lt;/td&gt;&#10;  &lt;/tr&gt;&#10;&lt;/table&gt;&#10;&#10;&lt;script type=&quot;text/javascript&quot;&gt;&#10;  $(document).ready(function() {&#10;      const supportedLocales = [&quot;en&quot;, &quot;fr&quot;];&#10;      const translations = {&#10;          &quot;en&quot;: {&#10;              &quot;title&quot;: `&#10;                  &#10;                    Slow down&#10;                  &#10;              `,&#10;              &quot;lead&quot;: `&#10;                &#10;                  This request was blocked by a security enabled on the hosting account, following too many&#10;                  access attempts detected (Rate-limited).&lt;br/&gt;&#10;                  If you are the webmaster of this site, you can disable this security from your cPanel account.&#10;                &#10;              `,&#10;              &quot;link&quot;: &quot;How to manage this security with the Tiger Protect Tool on cPanel ?&quot;, &#10;              &quot;rule&quot; : &quot;Name of the security rule triggered&quot;&#10;          },&#10;          &quot;fr&quot;: {&#10;              &quot;title&quot;: `&#10;                &#10;                  Ralentissez&#10;                              &#10;              `,&#10;              &quot;lead&quot;: `&#10;                  &#10;                    Cette requête a été bloquée par une sécurité activée sur l&apos;hébergement, suite à de trop nombreuses&#10;                    tentatives d&apos;accès détecté (Rate-limit). &lt;br/&gt;&#10;                    Si vous êtes le webmaster de ce site, vous pouvez désactiver cette sécurité depuis votre compte cPanel.&#10;                  &#10;              `,&#10;              &quot;link&quot;: &quot;Comment gérer cette sécurité avec TigerProtect dans cPanel ?&quot;, &#10;              &quot;rule&quot; : &quot;Nom de la règle de sécurité déclenchée&quot;&#10;          },&#10;      };&#10;      function browserLocales(languageCodeOnly = false) {&#10;          return navigator.languages.map((locale) =&gt;&#10;              languageCodeOnly ? locale.split(&quot;-&quot;)[0] : locale,&#10;          );&#10;      }&#10;      function isSupported(locale) {&#10;          return supportedLocales.indexOf(locale) &gt; -1;&#10;      }&#10;      function supportedOrDefault(locales) {&#10;          return locales.find(isSupported) || &apos;en&apos;;&#10;      }&#10;      const locale = supportedOrDefault(browserLocales(true));&#10;&#10;      document.querySelectorAll(&quot;[data-i18n-key]&quot;).forEach(function(element) {&#10;              const key = element.getAttribute(&quot;data-i18n-key&quot;);&#10;              const translation = translations[locale][key];&#10;              element.innerHTML = translation;&#10;          }&#10;      );&#10;    });&#10;  &lt;/script&gt;&#10;&lt;/body&gt;&#10;&lt;/html&gt;&#10;&#10;&lt;!--Debug [[Security_Rule = &quot;&quot;; More_info = &quot;&quot;; HTTP_Code = &quot;429&quot;&quot;; Request_ID = &quot;73474cd4b58c3a1711b2633602b0994c&quot;; Support = &quot;support@o2switch.fr&quot;; Link = &quot;https://faq.o2switch.fr/hebergement-mutualise/tutoriels-cpanel/tiger-protect&quot;]] EndOfDebug--&gt;&#10;&#10;classpath:features/FreeFakeAPI.feature:48" type="org.opentest4j.AssertionFailedError"><![CDATA[org.opentest4j.AssertionFailedError: 
status code was: 429, expected: 200, response time in milliseconds: 1069, url: https://freefakeapi.io/api/posts/16, response: 
<!--Debug [[Security_Rule = ""; More_info = ""; HTTP_Code = "429""; Request_ID = "c1fccea99f1d0e8a2bbf2ac3a7c465ba"; Support = "support@o2switch.fr"; Link = "https://faq.o2switch.fr/hebergement-mutualise/tutoriels-cpanel/tiger-protect"]] EndOfDebug-->
<!DOCTYPE HTML>
<html lang="en-US">
<head>
  <meta charset="UTF-8" />
  <meta http-equiv="Content-Type" content="text/html; charset=UTF-8" />
  <meta http-equiv="X-UA-Compatible" content="IE=Edge,chrome=1" />
  <meta name="robots" content="noindex" />
  <meta name="retry-after" content="240" />
  <meta name="viewport" content="width=device-width, initial-scale=1, maximum-scale=1" />
  <link rel="stylesheet" href="https://cdnjs.cloudflare.com/ajax/libs/font-awesome/5.15.3/css/all.min.css" integrity="sha512-iBBXm8fW90+nuLcSKlbmrPcLa0OT92xO1BIsZ+ywDWZCvqsWgccV3gFoRBv0z+8dLJgyAHIhR35VZc2oM/gI1w==" crossorigin="anonymous" referrerpolicy="no-referrer" />
  <script src="https://cdnjs.cloudflare.com/ajax/libs/font-awesome/5.15.3/js/all.min.js" integrity="sha512-RXf+QSDCUQs5uwRKaDoXt55jygZZm2V++WUZduaU/Ui/9EGp3f/2KZVahFZBKGH0s774sd3HmrhUy+SgOFQLVQ==" crossorigin="anonymous" referrerpolicy="no-referrer"></script>
  <script src="https://cdnjs.cloudflare.com/ajax/libs/jquery/3.6.1/jquery.min.js" integrity="sha512-aVKKRRi/Q/YV+4mjoKBsE4x3H+BkegoM/em46NNlCqNTmUYADjBbeNefNxYV7giUp0VxICtqdrbqU7iVaeZNXA==" crossorigin="anonymous" referrerpolicy="no-referrer"></script>
  <link id="favicon" rel="shortcut icon" type="image/svg+xml" href="https://o2swit.ch/assets/favicon.svg"/>
  <link href="https://o2swit.ch/assets/style.css" rel="stylesheet">

  <title>HTTP 429</title>
</head>
<body>
<table width="100%" height="100%" cellpadding="20">
  <tr>
    <td align="center" valign="middle">
      <div class="o2s-browser-check">
        <div id="o2s-content">
          <h1>
            
              <i class="fas fa-hand-paper"></i>
            
            HTTP 429<br/>
            <small data-i18n-key="title">
              
                Ralentissez
              
            </small>
          </h1>

          <p style="margin-top:2em;" data-i18n-key="lead">
            
              Cette requête a été bloquée par une sécurité activée sur l'hébergement, suite à de trop nombreuses
              tentatives d'accès détecté (Rate-limit). <br/>
              Si vous êtes le webmaster de ce site, vous pouvez désactiver cette sécurité depuis votre compte cPanel.
            
          </p>

          

          
            <p style="margin-top:1em;"> 
              <span style="text-decoration:  none;"><i class="fas fa-external-link-alt"></i> </span>
              <a href="https://faq.o2switch.fr/hebergement-mutualise/tutoriels-cpanel/tiger-protect" target="_blank">
                <span data-i18n-key="link">
                  Comment gérer cette sécurité avec TigerProtect dans cPanel ?
                </span>
              </a>
            </p>
          


          

        </div>
      </div>

      
      <div>
        <img id="img" width="250" src="https://o2swit.ch/assets/tiger.svg" />
        <br/><br/>
        <small>
          <a href="https://www.o2switch.fr" target="_blank">support@o2switch.fr</a>
          -
          <a href="https://faq.o2switch.fr/hebergement-mutualise/tutoriels-cpanel/tiger-protect" target="_blank">Tiger Protect</a> <br/>
          <strong>Request ID </strong>: 4967eb8e13d92b051a02f1e4b56225aa
        </small>
        <br>
      </div>

      
    </td>
  </tr>
</table>

<script type="text/javascript">
  $(document).ready(function() {
      const supportedLocales = ["en", "fr"];
      const translations = {
          "en": {
              "title": `
                  
                    Slow down
                  
              `,
              "lead": `
                
                  This request was blocked by a security enabled on the hosting account, following too many
                  access attempts detected (Rate-limited).<br/>
                  If you are the webmaster of this site, you can disable this security from your cPanel account.
                
              `,
              "link": "How to manage this security with the Tiger Protect Tool on cPanel ?", 
              "rule" : "Name of the security rule triggered"
          },
          "fr": {
              "title": `
                
                  Ralentissez
                              
              `,
              "lead": `
                  
                    Cette requête a été bloquée par une sécurité activée sur l'hébergement, suite à de trop nombreuses
                    tentatives d'accès détecté (Rate-limit). <br/>
                    Si vous êtes le webmaster de ce site, vous pouvez désactiver cette sécurité depuis votre compte cPanel.
                  
              `,
              "link": "Comment gérer cette sécurité avec TigerProtect dans cPanel ?", 
              "rule" : "Nom de la règle de sécurité déclenchée"
          },
      };
      function browserLocales(languageCodeOnly = false) {
          return navigator.languages.map((locale) =>
              languageCodeOnly ? locale.split("-")[0] : locale,
          );
      }
      function isSupported(locale) {
          return supportedLocales.indexOf(locale) > -1;
      }
      function supportedOrDefault(locales) {
          return locales.find(isSupported) || 'en';
      }
      const locale = supportedOrDefault(browserLocales(true));

      document.querySelectorAll("[data-i18n-key]").forEach(function(element) {
              const key = element.getAttribute("data-i18n-key");
              const translation = translations[locale][key];
              element.innerHTML = translation;
          }
      );
    });
  </script>
</body>
</html>

<!--Debug [[Security_Rule = ""; More_info = ""; HTTP_Code = "429""; Request_ID = "73474cd4b58c3a1711b2633602b0994c"; Support = "support@o2switch.fr"; Link = "https://faq.o2switch.fr/hebergement-mutualise/tutoriels-cpanel/tiger-protect"]] EndOfDebug-->

classpath:features/FreeFakeAPI.feature:48
]]></failure>
    <system-out><![CDATA[13:16:10.859 [main] ERROR com.intuit.karate - classpath:features/FreeFakeAPI.feature:48
Then status 200
status code was: 429, expected: 200, response time in milliseconds: 1069, url: https://freefakeapi.io/api/posts/16, response: 
<!--Debug [[Security_Rule = ""; More_info = ""; HTTP_Code = "429""; Request_ID = "c1fccea99f1d0e8a2bbf2ac3a7c465ba"; Support = "support@o2switch.fr"; Link = "https://faq.o2switch.fr/hebergement-mutualise/tutoriels-cpanel/tiger-protect"]] EndOfDebug-->
<!DOCTYPE HTML>
<html lang="en-US">
<head>
  <meta charset="UTF-8" />
  <meta http-equiv="Content-Type" content="text/html; charset=UTF-8" />
  <meta http-equiv="X-UA-Compatible" content="IE=Edge,chrome=1" />
  <meta name="robots" content="noindex" />
  <meta name="retry-after" content="240" />
  <meta name="viewport" content="width=device-width, initial-scale=1, maximum-scale=1" />
  <link rel="stylesheet" href="https://cdnjs.cloudflare.com/ajax/libs/font-awesome/5.15.3/css/all.min.css" integrity="sha512-iBBXm8fW90+nuLcSKlbmrPcLa0OT92xO1BIsZ+ywDWZCvqsWgccV3gFoRBv0z+8dLJgyAHIhR35VZc2oM/gI1w==" crossorigin="anonymous" referrerpolicy="no-referrer" />
  <script src="https://cdnjs.cloudflare.com/ajax/libs/font-awesome/5.15.3/js/all.min.js" integrity="sha512-RXf+QSDCUQs5uwRKaDoXt55jygZZm2V++WUZduaU/Ui/9EGp3f/2KZVahFZBKGH0s774sd3HmrhUy+SgOFQLVQ==" crossorigin="anonymous" referrerpolicy="no-referrer"></script>
  <script src="https://cdnjs.cloudflare.com/ajax/libs/jquery/3.6.1/jquery.min.js" integrity="sha512-aVKKRRi/Q/YV+4mjoKBsE4x3H+BkegoM/em46NNlCqNTmUYADjBbeNefNxYV7giUp0VxICtqdrbqU7iVaeZNXA==" crossorigin="anonymous" referrerpolicy="no-referrer"></script>
  <link id="favicon" rel="shortcut icon" type="image/svg+xml" href="https://o2swit.ch/assets/favicon.svg"/>
  <link href="https://o2swit.ch/assets/style.css" rel="stylesheet">

  <title>HTTP 429</title>
</head>
<body>
<table width="100%" height="100%" cellpadding="20">
  <tr>
    <td align="center" valign="middle">
      <div class="o2s-browser-check">
        <div id="o2s-content">
          <h1>
            
              <i class="fas fa-hand-paper"></i>
            
            HTTP 429<br/>
            <small data-i18n-key="title">
              
                Ralentissez
              
            </small>
          </h1>

          <p style="margin-top:2em;" data-i18n-key="lead">
            
              Cette requête a été bloquée par une sécurité activée sur l'hébergement, suite à de trop nombreuses
              tentatives d'accès détecté (Rate-limit). <br/>
              Si vous êtes le webmaster de ce site, vous pouvez désactiver cette sécurité depuis votre compte cPanel.
            
          </p>

          

          
            <p style="margin-top:1em;"> 
              <span style="text-decoration:  none;"><i class="fas fa-external-link-alt"></i> </span>
              <a href="https://faq.o2switch.fr/hebergement-mutualise/tutoriels-cpanel/tiger-protect" target="_blank">
                <span data-i18n-key="link">
                  Comment gérer cette sécurité avec TigerProtect dans cPanel ?
                </span>
              </a>
            </p>
          


          

        </div>
      </div>

      
      <div>
        <img id="img" width="250" src="https://o2swit.ch/assets/tiger.svg" />
        <br/><br/>
        <small>
          <a href="https://www.o2switch.fr" target="_blank">support@o2switch.fr</a>
          -
          <a href="https://faq.o2switch.fr/hebergement-mutualise/tutoriels-cpanel/tiger-protect" target="_blank">Tiger Protect</a> <br/>
          <strong>Request ID </strong>: 4967eb8e13d92b051a02f1e4b56225aa
        </small>
        <br>
      </div>

      
    </td>
  </tr>
</table>

<script type="text/javascript">
  $(document).ready(function() {
      const supportedLocales = ["en", "fr"];
      const translations = {
          "en": {
              "title": `
                  
                    Slow down
                  
              `,
              "lead": `
                
                  This request was blocked by a security enabled on the hosting account, following too many
                  access attempts detected (Rate-limited).<br/>
                  If you are the webmaster of this site, you can disable this security from your cPanel account.
                
              `,
              "link": "How to manage this security with the Tiger Protect Tool on cPanel ?", 
              "rule" : "Name of the security rule triggered"
          },
          "fr": {
              "title": `
                
                  Ralentissez
                              
              `,
              "lead": `
                  
                    Cette requête a été bloquée par une sécurité activée sur l'hébergement, suite à de trop nombreuses
                    tentatives d'accès détecté (Rate-limit). <br/>
                    Si vous êtes le webmaster de ce site, vous pouvez désactiver cette sécurité depuis votre compte cPanel.
                  
              `,
              "link": "Comment gérer cette sécurité avec TigerProtect dans cPanel ?", 
              "rule" : "Nom de la règle de sécurité déclenchée"
          },
      };
      function browserLocales(languageCodeOnly = false) {
          return navigator.languages.map((locale) =>
              languageCodeOnly ? locale.split("-")[0] : locale,
          );
      }
      function isSupported(locale) {
          return supportedLocales.indexOf(locale) > -1;
      }
      function supportedOrDefault(locales) {
          return locales.find(isSupported) || 'en';
      }
      const locale = supportedOrDefault(browserLocales(true));

      document.querySelectorAll("[data-i18n-key]").forEach(function(element) {
              const key = element.getAttribute("data-i18n-key");
              const translation = translations[locale][key];
              element.innerHTML = translation;
          }
      );
    });
  </script>
</body>
</html>

<!--Debug [[Security_Rule = ""; More_info = ""; HTTP_Code = "429""; Request_ID = "73474cd4b58c3a1711b2633602b0994c"; Support = "support@o2switch.fr"; Link = "https://faq.o2switch.fr/hebergement-mutualise/tutoriels-cpanel/tiger-protect"]] EndOfDebug-->

classpath:features/FreeFakeAPI.feature:48
]]></system-out>
  </testcase>
  <testcase name="testSuite[1][6]" classname="com.automation.runner.TestRunner" time="1.881">
    <failure message="status code was: 429, expected: 204, response time in milliseconds: 1056, url: https://freefakeapi.io/api/posts/16, response: &#10;&lt;!--Debug [[Security_Rule = &quot;&quot;; More_info = &quot;&quot;; HTTP_Code = &quot;429&quot;&quot;; Request_ID = &quot;476edaa0e555065e9ba60a56311a8be8&quot;; Support = &quot;support@o2switch.fr&quot;; Link = &quot;https://faq.o2switch.fr/hebergement-mutualise/tutoriels-cpanel/tiger-protect&quot;]] EndOfDebug--&gt;&#10;&lt;!DOCTYPE HTML&gt;&#10;&lt;html lang=&quot;en-US&quot;&gt;&#10;&lt;head&gt;&#10;  &lt;meta charset=&quot;UTF-8&quot; /&gt;&#10;  &lt;meta http-equiv=&quot;Content-Type&quot; content=&quot;text/html; charset=UTF-8&quot; /&gt;&#10;  &lt;meta http-equiv=&quot;X-UA-Compatible&quot; content=&quot;IE=Edge,chrome=1&quot; /&gt;&#10;  &lt;meta name=&quot;robots&quot; content=&quot;noindex&quot; /&gt;&#10;  &lt;meta name=&quot;retry-after&quot; content=&quot;240&quot; /&gt;&#10;  &lt;meta name=&quot;viewport&quot; content=&quot;width=device-width, initial-scale=1, maximum-scale=1&quot; /&gt;&#10;  &lt;link rel=&quot;stylesheet&quot; href=&quot;https://cdnjs.cloudflare.com/ajax/libs/font-awesome/5.15.3/css/all.min.css&quot; integrity=&quot;sha512-iBBXm8fW90+nuLcSKlbmrPcLa0OT92xO1BIsZ+ywDWZCvqsWgccV3gFoRBv0z+8dLJgyAHIhR35VZc2oM/gI1w==&quot; crossorigin=&quot;anonymous&quot; referrerpolicy=&quot;no-referrer&quot; /&gt;&#10;  &lt;script src=&quot;https://cdnjs.cloudflare.com/ajax/libs/font-awesome/5.15.3/js/all.min.js&quot; integrity=&quot;sha512-RXf+QSDCUQs5uwRKaDoXt55jygZZm2V++WUZduaU/Ui/9EGp3f/2KZVahFZBKGH0s774sd3HmrhUy+SgOFQLVQ==&quot; crossorigin=&quot;anonymous&quot; referrerpolicy=&quot;no-referrer&quot;&gt;&lt;/script&gt;&#10;  &lt;script src=&quot;https://cdnjs.cloudflare.com/ajax/libs/jquery/3.6.1/jquery.min.js&quot; integrity=&quot;sha512-aVKKRRi/Q/YV+4mjoKBsE4x3H+BkegoM/em46NNlCqNTmUYADjBbeNefNxYV7giUp0VxICtqdrbqU7iVaeZNXA==&quot; crossorigin=&quot;anonymous&quot; referrerpolicy=&quot;no-referrer&quot;&gt;&lt;/script&gt;&#10;  &lt;link id=&quot;favicon&quot; rel=&quot;shortcut icon&quot; type=&quot;image/svg+xml&quot; href=&quot;https://o2swit.ch/assets/favicon.svg&quot;/&gt;&#10;  &lt;link href=&quot;https://o2swit.ch/assets/style.css&quot; rel=&quot;stylesheet&quot;&gt;&#10;&#10;  &lt;title&gt;HTTP 429&lt;/title&gt;&#10;&lt;/head&gt;&#10;&lt;body&gt;&#10;&lt;table width=&quot;100%&quot; height=&quot;100%&quot; cellpadding=&quot;20&quot;&gt;&#10;  &lt;tr&gt;&#10;    &lt;td align=&quot;center&quot; valign=&quot;middle&quot;&gt;&#10;      &lt;div class=&quot;o2s-browser-check&quot;&gt;&#10;        &lt;div id=&quot;o2s-content&quot;&gt;&#10;          &lt;h1&gt;&#10;            &#10;              &lt;i class=&quot;fas fa-hand-paper&quot;&gt;&lt;/i&gt;&#10;            &#10;            HTTP 429&lt;br/&gt;&#10;            &lt;small data-i18n-key=&quot;title&quot;&gt;&#10;              &#10;                Ralentissez&#10;              &#10;            &lt;/small&gt;&#10;          &lt;/h1&gt;&#10;&#10;          &lt;p style=&quot;margin-top:2em;&quot; data-i18n-key=&quot;lead&quot;&gt;&#10;            &#10;              Cette requête a été bloquée par une sécurité activée sur l&apos;hébergement, suite à de trop nombreuses&#10;              tentatives d&apos;accès détecté (Rate-limit). &lt;br/&gt;&#10;              Si vous êtes le webmaster de ce site, vous pouvez désactiver cette sécurité depuis votre compte cPanel.&#10;            &#10;          &lt;/p&gt;&#10;&#10;          &#10;&#10;          &#10;            &lt;p style=&quot;margin-top:1em;&quot;&gt; &#10;              &lt;span style=&quot;text-decoration:  none;&quot;&gt;&lt;i class=&quot;fas fa-external-link-alt&quot;&gt;&lt;/i&gt; &lt;/span&gt;&#10;              &lt;a href=&quot;https://faq.o2switch.fr/hebergement-mutualise/tutoriels-cpanel/tiger-protect&quot; target=&quot;_blank&quot;&gt;&#10;                &lt;span data-i18n-key=&quot;link&quot;&gt;&#10;                  Comment gérer cette sécurité avec TigerProtect dans cPanel ?&#10;                &lt;/span&gt;&#10;              &lt;/a&gt;&#10;            &lt;/p&gt;&#10;          &#10;&#10;&#10;          &#10;&#10;        &lt;/div&gt;&#10;      &lt;/div&gt;&#10;&#10;      &#10;      &lt;div&gt;&#10;        &lt;img id=&quot;img&quot; width=&quot;250&quot; src=&quot;https://o2swit.ch/assets/tiger.svg&quot; /&gt;&#10;        &lt;br/&gt;&lt;br/&gt;&#10;        &lt;small&gt;&#10;          &lt;a href=&quot;https://www.o2switch.fr&quot; target=&quot;_blank&quot;&gt;support@o2switch.fr&lt;/a&gt;&#10;          -&#10;          &lt;a href=&quot;https://faq.o2switch.fr/hebergement-mutualise/tutoriels-cpanel/tiger-protect&quot; target=&quot;_blank&quot;&gt;Tiger Protect&lt;/a&gt; &lt;br/&gt;&#10;          &lt;strong&gt;Request ID &lt;/strong&gt;: 20ed95f7537715ee2b7508f503235484&#10;        &lt;/small&gt;&#10;        &lt;br&gt;&#10;      &lt;/div&gt;&#10;&#10;      &#10;    &lt;/td&gt;&#10;  &lt;/tr&gt;&#10;&lt;/table&gt;&#10;&#10;&lt;script type=&quot;text/javascript&quot;&gt;&#10;  $(document).ready(function() {&#10;      const supportedLocales = [&quot;en&quot;, &quot;fr&quot;];&#10;      const translations = {&#10;          &quot;en&quot;: {&#10;              &quot;title&quot;: `&#10;                  &#10;                    Slow down&#10;                  &#10;              `,&#10;              &quot;lead&quot;: `&#10;                &#10;                  This request was blocked by a security enabled on the hosting account, following too many&#10;                  access attempts detected (Rate-limited).&lt;br/&gt;&#10;                  If you are the webmaster of this site, you can disable this security from your cPanel account.&#10;                &#10;              `,&#10;              &quot;link&quot;: &quot;How to manage this security with the Tiger Protect Tool on cPanel ?&quot;, &#10;              &quot;rule&quot; : &quot;Name of the security rule triggered&quot;&#10;          },&#10;          &quot;fr&quot;: {&#10;              &quot;title&quot;: `&#10;                &#10;                  Ralentissez&#10;                              &#10;              `,&#10;              &quot;lead&quot;: `&#10;                  &#10;                    Cette requête a été bloquée par une sécurité activée sur l&apos;hébergement, suite à de trop nombreuses&#10;                    tentatives d&apos;accès détecté (Rate-limit). &lt;br/&gt;&#10;                    Si vous êtes le webmaster de ce site, vous pouvez désactiver cette sécurité depuis votre compte cPanel.&#10;                  &#10;              `,&#10;              &quot;link&quot;: &quot;Comment gérer cette sécurité avec TigerProtect dans cPanel ?&quot;, &#10;              &quot;rule&quot; : &quot;Nom de la règle de sécurité déclenchée&quot;&#10;          },&#10;      };&#10;      function browserLocales(languageCodeOnly = false) {&#10;          return navigator.languages.map((locale) =&gt;&#10;              languageCodeOnly ? locale.split(&quot;-&quot;)[0] : locale,&#10;          );&#10;      }&#10;      function isSupported(locale) {&#10;          return supportedLocales.indexOf(locale) &gt; -1;&#10;      }&#10;      function supportedOrDefault(locales) {&#10;          return locales.find(isSupported) || &apos;en&apos;;&#10;      }&#10;      const locale = supportedOrDefault(browserLocales(true));&#10;&#10;      document.querySelectorAll(&quot;[data-i18n-key]&quot;).forEach(function(element) {&#10;              const key = element.getAttribute(&quot;data-i18n-key&quot;);&#10;              const translation = translations[locale][key];&#10;              element.innerHTML = translation;&#10;          }&#10;      );&#10;    });&#10;  &lt;/script&gt;&#10;&lt;/body&gt;&#10;&lt;/html&gt;&#10;&#10;&lt;!--Debug [[Security_Rule = &quot;&quot;; More_info = &quot;&quot;; HTTP_Code = &quot;429&quot;&quot;; Request_ID = &quot;7ce3ec664910a7318c9aef703c480d45&quot;; Support = &quot;support@o2switch.fr&quot;; Link = &quot;https://faq.o2switch.fr/hebergement-mutualise/tutoriels-cpanel/tiger-protect&quot;]] EndOfDebug--&gt;&#10;&#10;classpath:features/FreeFakeAPI.feature:55" type="org.opentest4j.AssertionFailedError"><![CDATA[org.opentest4j.AssertionFailedError: 
status code was: 429, expected: 204, response time in milliseconds: 1056, url: https://freefakeapi.io/api/posts/16, response: 
<!--Debug [[Security_Rule = ""; More_info = ""; HTTP_Code = "429""; Request_ID = "476edaa0e555065e9ba60a56311a8be8"; Support = "support@o2switch.fr"; Link = "https://faq.o2switch.fr/hebergement-mutualise/tutoriels-cpanel/tiger-protect"]] EndOfDebug-->
<!DOCTYPE HTML>
<html lang="en-US">
<head>
  <meta charset="UTF-8" />
  <meta http-equiv="Content-Type" content="text/html; charset=UTF-8" />
  <meta http-equiv="X-UA-Compatible" content="IE=Edge,chrome=1" />
  <meta name="robots" content="noindex" />
  <meta name="retry-after" content="240" />
  <meta name="viewport" content="width=device-width, initial-scale=1, maximum-scale=1" />
  <link rel="stylesheet" href="https://cdnjs.cloudflare.com/ajax/libs/font-awesome/5.15.3/css/all.min.css" integrity="sha512-iBBXm8fW90+nuLcSKlbmrPcLa0OT92xO1BIsZ+ywDWZCvqsWgccV3gFoRBv0z+8dLJgyAHIhR35VZc2oM/gI1w==" crossorigin="anonymous" referrerpolicy="no-referrer" />
  <script src="https://cdnjs.cloudflare.com/ajax/libs/font-awesome/5.15.3/js/all.min.js" integrity="sha512-RXf+QSDCUQs5uwRKaDoXt55jygZZm2V++WUZduaU/Ui/9EGp3f/2KZVahFZBKGH0s774sd3HmrhUy+SgOFQLVQ==" crossorigin="anonymous" referrerpolicy="no-referrer"></script>
  <script src="https://cdnjs.cloudflare.com/ajax/libs/jquery/3.6.1/jquery.min.js" integrity="sha512-aVKKRRi/Q/YV+4mjoKBsE4x3H+BkegoM/em46NNlCqNTmUYADjBbeNefNxYV7giUp0VxICtqdrbqU7iVaeZNXA==" crossorigin="anonymous" referrerpolicy="no-referrer"></script>
  <link id="favicon" rel="shortcut icon" type="image/svg+xml" href="https://o2swit.ch/assets/favicon.svg"/>
  <link href="https://o2swit.ch/assets/style.css" rel="stylesheet">

  <title>HTTP 429</title>
</head>
<body>
<table width="100%" height="100%" cellpadding="20">
  <tr>
    <td align="center" valign="middle">
      <div class="o2s-browser-check">
        <div id="o2s-content">
          <h1>
            
              <i class="fas fa-hand-paper"></i>
            
            HTTP 429<br/>
            <small data-i18n-key="title">
              
                Ralentissez
              
            </small>
          </h1>

          <p style="margin-top:2em;" data-i18n-key="lead">
            
              Cette requête a été bloquée par une sécurité activée sur l'hébergement, suite à de trop nombreuses
              tentatives d'accès détecté (Rate-limit). <br/>
              Si vous êtes le webmaster de ce site, vous pouvez désactiver cette sécurité depuis votre compte cPanel.
            
          </p>

          

          
            <p style="margin-top:1em;"> 
              <span style="text-decoration:  none;"><i class="fas fa-external-link-alt"></i> </span>
              <a href="https://faq.o2switch.fr/hebergement-mutualise/tutoriels-cpanel/tiger-protect" target="_blank">
                <span data-i18n-key="link">
                  Comment gérer cette sécurité avec TigerProtect dans cPanel ?
                </span>
              </a>
            </p>
          


          

        </div>
      </div>

      
      <div>
        <img id="img" width="250" src="https://o2swit.ch/assets/tiger.svg" />
        <br/><br/>
        <small>
          <a href="https://www.o2switch.fr" target="_blank">support@o2switch.fr</a>
          -
          <a href="https://faq.o2switch.fr/hebergement-mutualise/tutoriels-cpanel/tiger-protect" target="_blank">Tiger Protect</a> <br/>
          <strong>Request ID </strong>: 20ed95f7537715ee2b7508f503235484
        </small>
        <br>
      </div>

      
    </td>
  </tr>
</table>

<script type="text/javascript">
  $(document).ready(function() {
      const supportedLocales = ["en", "fr"];
      const translations = {
          "en": {
              "title": `
                  
                    Slow down
                  
              `,
              "lead": `
                
                  This request was blocked by a security enabled on the hosting account, following too many
                  access attempts detected (Rate-limited).<br/>
                  If you are the webmaster of this site, you can disable this security from your cPanel account.
                
              `,
              "link": "How to manage this security with the Tiger Protect Tool on cPanel ?", 
              "rule" : "Name of the security rule triggered"
          },
          "fr": {
              "title": `
                
                  Ralentissez
                              
              `,
              "lead": `
                  
                    Cette requête a été bloquée par une sécurité activée sur l'hébergement, suite à de trop nombreuses
                    tentatives d'accès détecté (Rate-limit). <br/>
                    Si vous êtes le webmaster de ce site, vous pouvez désactiver cette sécurité depuis votre compte cPanel.
                  
              `,
              "link": "Comment gérer cette sécurité avec TigerProtect dans cPanel ?", 
              "rule" : "Nom de la règle de sécurité déclenchée"
          },
      };
      function browserLocales(languageCodeOnly = false) {
          return navigator.languages.map((locale) =>
              languageCodeOnly ? locale.split("-")[0] : locale,
          );
      }
      function isSupported(locale) {
          return supportedLocales.indexOf(locale) > -1;
      }
      function supportedOrDefault(locales) {
          return locales.find(isSupported) || 'en';
      }
      const locale = supportedOrDefault(browserLocales(true));

      document.querySelectorAll("[data-i18n-key]").forEach(function(element) {
              const key = element.getAttribute("data-i18n-key");
              const translation = translations[locale][key];
              element.innerHTML = translation;
          }
      );
    });
  </script>
</body>
</html>

<!--Debug [[Security_Rule = ""; More_info = ""; HTTP_Code = "429""; Request_ID = "7ce3ec664910a7318c9aef703c480d45"; Support = "support@o2switch.fr"; Link = "https://faq.o2switch.fr/hebergement-mutualise/tutoriels-cpanel/tiger-protect"]] EndOfDebug-->

classpath:features/FreeFakeAPI.feature:55
]]></failure>
    <system-out><![CDATA[13:16:11.952 [main] ERROR com.intuit.karate - classpath:features/FreeFakeAPI.feature:55
Then status 204
status code was: 429, expected: 204, response time in milliseconds: 1056, url: https://freefakeapi.io/api/posts/16, response: 
<!--Debug [[Security_Rule = ""; More_info = ""; HTTP_Code = "429""; Request_ID = "476edaa0e555065e9ba60a56311a8be8"; Support = "support@o2switch.fr"; Link = "https://faq.o2switch.fr/hebergement-mutualise/tutoriels-cpanel/tiger-protect"]] EndOfDebug-->
<!DOCTYPE HTML>
<html lang="en-US">
<head>
  <meta charset="UTF-8" />
  <meta http-equiv="Content-Type" content="text/html; charset=UTF-8" />
  <meta http-equiv="X-UA-Compatible" content="IE=Edge,chrome=1" />
  <meta name="robots" content="noindex" />
  <meta name="retry-after" content="240" />
  <meta name="viewport" content="width=device-width, initial-scale=1, maximum-scale=1" />
  <link rel="stylesheet" href="https://cdnjs.cloudflare.com/ajax/libs/font-awesome/5.15.3/css/all.min.css" integrity="sha512-iBBXm8fW90+nuLcSKlbmrPcLa0OT92xO1BIsZ+ywDWZCvqsWgccV3gFoRBv0z+8dLJgyAHIhR35VZc2oM/gI1w==" crossorigin="anonymous" referrerpolicy="no-referrer" />
  <script src="https://cdnjs.cloudflare.com/ajax/libs/font-awesome/5.15.3/js/all.min.js" integrity="sha512-RXf+QSDCUQs5uwRKaDoXt55jygZZm2V++WUZduaU/Ui/9EGp3f/2KZVahFZBKGH0s774sd3HmrhUy+SgOFQLVQ==" crossorigin="anonymous" referrerpolicy="no-referrer"></script>
  <script src="https://cdnjs.cloudflare.com/ajax/libs/jquery/3.6.1/jquery.min.js" integrity="sha512-aVKKRRi/Q/YV+4mjoKBsE4x3H+BkegoM/em46NNlCqNTmUYADjBbeNefNxYV7giUp0VxICtqdrbqU7iVaeZNXA==" crossorigin="anonymous" referrerpolicy="no-referrer"></script>
  <link id="favicon" rel="shortcut icon" type="image/svg+xml" href="https://o2swit.ch/assets/favicon.svg"/>
  <link href="https://o2swit.ch/assets/style.css" rel="stylesheet">

  <title>HTTP 429</title>
</head>
<body>
<table width="100%" height="100%" cellpadding="20">
  <tr>
    <td align="center" valign="middle">
      <div class="o2s-browser-check">
        <div id="o2s-content">
          <h1>
            
              <i class="fas fa-hand-paper"></i>
            
            HTTP 429<br/>
            <small data-i18n-key="title">
              
                Ralentissez
              
            </small>
          </h1>

          <p style="margin-top:2em;" data-i18n-key="lead">
            
              Cette requête a été bloquée par une sécurité activée sur l'hébergement, suite à de trop nombreuses
              tentatives d'accès détecté (Rate-limit). <br/>
              Si vous êtes le webmaster de ce site, vous pouvez désactiver cette sécurité depuis votre compte cPanel.
            
          </p>

          

          
            <p style="margin-top:1em;"> 
              <span style="text-decoration:  none;"><i class="fas fa-external-link-alt"></i> </span>
              <a href="https://faq.o2switch.fr/hebergement-mutualise/tutoriels-cpanel/tiger-protect" target="_blank">
                <span data-i18n-key="link">
                  Comment gérer cette sécurité avec TigerProtect dans cPanel ?
                </span>
              </a>
            </p>
          


          

        </div>
      </div>

      
      <div>
        <img id="img" width="250" src="https://o2swit.ch/assets/tiger.svg" />
        <br/><br/>
        <small>
          <a href="https://www.o2switch.fr" target="_blank">support@o2switch.fr</a>
          -
          <a href="https://faq.o2switch.fr/hebergement-mutualise/tutoriels-cpanel/tiger-protect" target="_blank">Tiger Protect</a> <br/>
          <strong>Request ID </strong>: 20ed95f7537715ee2b7508f503235484
        </small>
        <br>
      </div>

      
    </td>
  </tr>
</table>

<script type="text/javascript">
  $(document).ready(function() {
      const supportedLocales = ["en", "fr"];
      const translations = {
          "en": {
              "title": `
                  
                    Slow down
                  
              `,
              "lead": `
                
                  This request was blocked by a security enabled on the hosting account, following too many
                  access attempts detected (Rate-limited).<br/>
                  If you are the webmaster of this site, you can disable this security from your cPanel account.
                
              `,
              "link": "How to manage this security with the Tiger Protect Tool on cPanel ?", 
              "rule" : "Name of the security rule triggered"
          },
          "fr": {
              "title": `
                
                  Ralentissez
                              
              `,
              "lead": `
                  
                    Cette requête a été bloquée par une sécurité activée sur l'hébergement, suite à de trop nombreuses
                    tentatives d'accès détecté (Rate-limit). <br/>
                    Si vous êtes le webmaster de ce site, vous pouvez désactiver cette sécurité depuis votre compte cPanel.
                  
              `,
              "link": "Comment gérer cette sécurité avec TigerProtect dans cPanel ?", 
              "rule" : "Nom de la règle de sécurité déclenchée"
          },
      };
      function browserLocales(languageCodeOnly = false) {
          return navigator.languages.map((locale) =>
              languageCodeOnly ? locale.split("-")[0] : locale,
          );
      }
      function isSupported(locale) {
          return supportedLocales.indexOf(locale) > -1;
      }
      function supportedOrDefault(locales) {
          return locales.find(isSupported) || 'en';
      }
      const locale = supportedOrDefault(browserLocales(true));

      document.querySelectorAll("[data-i18n-key]").forEach(function(element) {
              const key = element.getAttribute("data-i18n-key");
              const translation = translations[locale][key];
              element.innerHTML = translation;
          }
      );
    });
  </script>
</body>
</html>

<!--Debug [[Security_Rule = ""; More_info = ""; HTTP_Code = "429""; Request_ID = "7ce3ec664910a7318c9aef703c480d45"; Support = "support@o2switch.fr"; Link = "https://faq.o2switch.fr/hebergement-mutualise/tutoriels-cpanel/tiger-protect"]] EndOfDebug-->

classpath:features/FreeFakeAPI.feature:55
---------------------------------------------------------
feature: classpath:features/FreeFakeAPI.feature
scenarios:  6 | passed:  3 | failed:  3 | time: 8.0334
---------------------------------------------------------

Karate version: 1.2.0
======================================================
elapsed:  10.42 | threads:    1 | thread time: 8.03 
features:     1 | skipped:    0 | efficiency: 0.77
scenarios:    6 | passed:     3 | failed: 3
======================================================
>>> failed features:
status code was: 429, expected: 201, response time in milliseconds: 1032, url: https://freefakeapi.io/api/posts/10, response: 
<!--Debug [[Security_Rule = ""; More_info = ""; HTTP_Code = "429""; Request_ID = "a8ad0c293ce8b8edeb9a4adf8490126d"; Support = "support@o2switch.fr"; Link = "https://faq.o2switch.fr/hebergement-mutualise/tutoriels-cpanel/tiger-protect"]] EndOfDebug-->
<!DOCTYPE HTML>
<html lang="en-US">
<head>
  <meta charset="UTF-8" />
  <meta http-equiv="Content-Type" content="text/html; charset=UTF-8" />
  <meta http-equiv="X-UA-Compatible" content="IE=Edge,chrome=1" />
  <meta name="robots" content="noindex" />
  <meta name="retry-after" content="240" />
  <meta name="viewport" content="width=device-width, initial-scale=1, maximum-scale=1" />
  <link rel="stylesheet" href="https://cdnjs.cloudflare.com/ajax/libs/font-awesome/5.15.3/css/all.min.css" integrity="sha512-iBBXm8fW90+nuLcSKlbmrPcLa0OT92xO1BIsZ+ywDWZCvqsWgccV3gFoRBv0z+8dLJgyAHIhR35VZc2oM/gI1w==" crossorigin="anonymous" referrerpolicy="no-referrer" />
  <script src="https://cdnjs.cloudflare.com/ajax/libs/font-awesome/5.15.3/js/all.min.js" integrity="sha512-RXf+QSDCUQs5uwRKaDoXt55jygZZm2V++WUZduaU/Ui/9EGp3f/2KZVahFZBKGH0s774sd3HmrhUy+SgOFQLVQ==" crossorigin="anonymous" referrerpolicy="no-referrer"></script>
  <script src="https://cdnjs.cloudflare.com/ajax/libs/jquery/3.6.1/jquery.min.js" integrity="sha512-aVKKRRi/Q/YV+4mjoKBsE4x3H+BkegoM/em46NNlCqNTmUYADjBbeNefNxYV7giUp0VxICtqdrbqU7iVaeZNXA==" crossorigin="anonymous" referrerpolicy="no-referrer"></script>
  <link id="favicon" rel="shortcut icon" type="image/svg+xml" href="https://o2swit.ch/assets/favicon.svg"/>
  <link href="https://o2swit.ch/assets/style.css" rel="stylesheet">

  <title>HTTP 429</title>
</head>
<body>
<table width="100%" height="100%" cellpadding="20">
  <tr>
    <td align="center" valign="middle">
      <div class="o2s-browser-check">
        <div id="o2s-content">
          <h1>
            
              <i class="fas fa-hand-paper"></i>
            
            HTTP 429<br/>
            <small data-i18n-key="title">
              
                Ralentissez
              
            </small>
          </h1>

          <p style="margin-top:2em;" data-i18n-key="lead">
            
              Cette requête a été bloquée par une sécurité activée sur l'hébergement, suite à de trop nombreuses
              tentatives d'accès détecté (Rate-limit). <br/>
              Si vous êtes le webmaster de ce site, vous pouvez désactiver cette sécurité depuis votre compte cPanel.
            
          </p>

          

          
            <p style="margin-top:1em;"> 
              <span style="text-decoration:  none;"><i class="fas fa-external-link-alt"></i> </span>
              <a href="https://faq.o2switch.fr/hebergement-mutualise/tutoriels-cpanel/tiger-protect" target="_blank">
                <span data-i18n-key="link">
                  Comment gérer cette sécurité avec TigerProtect dans cPanel ?
                </span>
              </a>
            </p>
          


          

        </div>
      </div>

      
      <div>
        <img id="img" width="250" src="https://o2swit.ch/assets/tiger.svg" />
        <br/><br/>
        <small>
          <a href="https://www.o2switch.fr" target="_blank">support@o2switch.fr</a>
          -
          <a href="https://faq.o2switch.fr/hebergement-mutualise/tutoriels-cpanel/tiger-protect" target="_blank">Tiger Protect</a> <br/>
          <strong>Request ID </strong>: 60db960d745d22f2c433f98213f587ea
        </small>
        <br>
      </div>

      
    </td>
  </tr>
</table>

<script type="text/javascript">
  $(document).ready(function() {
      const supportedLocales = ["en", "fr"];
      const translations = {
          "en": {
              "title": `
                  
                    Slow down
                  
              `,
              "lead": `
                
                  This request was blocked by a security enabled on the hosting account, following too many
                  access attempts detected (Rate-limited).<br/>
                  If you are the webmaster of this site, you can disable this security from your cPanel account.
                
              `,
              "link": "How to manage this security with the Tiger Protect Tool on cPanel ?", 
              "rule" : "Name of the security rule triggered"
          },
          "fr": {
              "title": `
                
                  Ralentissez
                              
              `,
              "lead": `
                  
                    Cette requête a été bloquée par une sécurité activée sur l'hébergement, suite à de trop nombreuses
                    tentatives d'accès détecté (Rate-limit). <br/>
                    Si vous êtes le webmaster de ce site, vous pouvez désactiver cette sécurité depuis votre compte cPanel.
                  
              `,
              "link": "Comment gérer cette sécurité avec TigerProtect dans cPanel ?", 
              "rule" : "Nom de la règle de sécurité déclenchée"
          },
      };
      function browserLocales(languageCodeOnly = false) {
          return navigator.languages.map((locale) =>
              languageCodeOnly ? locale.split("-")[0] : locale,
          );
      }
      function isSupported(locale) {
          return supportedLocales.indexOf(locale) > -1;
      }
      function supportedOrDefault(locales) {
          return locales.find(isSupported) || 'en';
      }
      const locale = supportedOrDefault(browserLocales(true));

      document.querySelectorAll("[data-i18n-key]").forEach(function(element) {
              const key = element.getAttribute("data-i18n-key");
              const translation = translations[locale][key];
              element.innerHTML = translation;
          }
      );
    });
  </script>
</body>
</html>

<!--Debug [[Security_Rule = ""; More_info = ""; HTTP_Code = "429""; Request_ID = "7b831f66cd8bf534532be91e538f42a2"; Support = "support@o2switch.fr"; Link = "https://faq.o2switch.fr/hebergement-mutualise/tutoriels-cpanel/tiger-protect"]] EndOfDebug-->

classpath:features/FreeFakeAPI.feature:38
status code was: 429, expected: 200, response time in milliseconds: 1069, url: https://freefakeapi.io/api/posts/16, response: 
<!--Debug [[Security_Rule = ""; More_info = ""; HTTP_Code = "429""; Request_ID = "c1fccea99f1d0e8a2bbf2ac3a7c465ba"; Support = "support@o2switch.fr"; Link = "https://faq.o2switch.fr/hebergement-mutualise/tutoriels-cpanel/tiger-protect"]] EndOfDebug-->
<!DOCTYPE HTML>
<html lang="en-US">
<head>
  <meta charset="UTF-8" />
  <meta http-equiv="Content-Type" content="text/html; charset=UTF-8" />
  <meta http-equiv="X-UA-Compatible" content="IE=Edge,chrome=1" />
  <meta name="robots" content="noindex" />
  <meta name="retry-after" content="240" />
  <meta name="viewport" content="width=device-width, initial-scale=1, maximum-scale=1" />
  <link rel="stylesheet" href="https://cdnjs.cloudflare.com/ajax/libs/font-awesome/5.15.3/css/all.min.css" integrity="sha512-iBBXm8fW90+nuLcSKlbmrPcLa0OT92xO1BIsZ+ywDWZCvqsWgccV3gFoRBv0z+8dLJgyAHIhR35VZc2oM/gI1w==" crossorigin="anonymous" referrerpolicy="no-referrer" />
  <script src="https://cdnjs.cloudflare.com/ajax/libs/font-awesome/5.15.3/js/all.min.js" integrity="sha512-RXf+QSDCUQs5uwRKaDoXt55jygZZm2V++WUZduaU/Ui/9EGp3f/2KZVahFZBKGH0s774sd3HmrhUy+SgOFQLVQ==" crossorigin="anonymous" referrerpolicy="no-referrer"></script>
  <script src="https://cdnjs.cloudflare.com/ajax/libs/jquery/3.6.1/jquery.min.js" integrity="sha512-aVKKRRi/Q/YV+4mjoKBsE4x3H+BkegoM/em46NNlCqNTmUYADjBbeNefNxYV7giUp0VxICtqdrbqU7iVaeZNXA==" crossorigin="anonymous" referrerpolicy="no-referrer"></script>
  <link id="favicon" rel="shortcut icon" type="image/svg+xml" href="https://o2swit.ch/assets/favicon.svg"/>
  <link href="https://o2swit.ch/assets/style.css" rel="stylesheet">

  <title>HTTP 429</title>
</head>
<body>
<table width="100%" height="100%" cellpadding="20">
  <tr>
    <td align="center" valign="middle">
      <div class="o2s-browser-check">
        <div id="o2s-content">
          <h1>
            
              <i class="fas fa-hand-paper"></i>
            
            HTTP 429<br/>
            <small data-i18n-key="title">
              
                Ralentissez
              
            </small>
          </h1>

          <p style="margin-top:2em;" data-i18n-key="lead">
            
              Cette requête a été bloquée par une sécurité activée sur l'hébergement, suite à de trop nombreuses
              tentatives d'accès détecté (Rate-limit). <br/>
              Si vous êtes le webmaster de ce site, vous pouvez désactiver cette sécurité depuis votre compte cPanel.
            
          </p>

          

          
            <p style="margin-top:1em;"> 
              <span style="text-decoration:  none;"><i class="fas fa-external-link-alt"></i> </span>
              <a href="https://faq.o2switch.fr/hebergement-mutualise/tutoriels-cpanel/tiger-protect" target="_blank">
                <span data-i18n-key="link">
                  Comment gérer cette sécurité avec TigerProtect dans cPanel ?
                </span>
              </a>
            </p>
          


          

        </div>
      </div>

      
      <div>
        <img id="img" width="250" src="https://o2swit.ch/assets/tiger.svg" />
        <br/><br/>
        <small>
          <a href="https://www.o2switch.fr" target="_blank">support@o2switch.fr</a>
          -
          <a href="https://faq.o2switch.fr/hebergement-mutualise/tutoriels-cpanel/tiger-protect" target="_blank">Tiger Protect</a> <br/>
          <strong>Request ID </strong>: 4967eb8e13d92b051a02f1e4b56225aa
        </small>
        <br>
      </div>

      
    </td>
  </tr>
</table>

<script type="text/javascript">
  $(document).ready(function() {
      const supportedLocales = ["en", "fr"];
      const translations = {
          "en": {
              "title": `
                  
                    Slow down
                  
              `,
              "lead": `
                
                  This request was blocked by a security enabled on the hosting account, following too many
                  access attempts detected (Rate-limited).<br/>
                  If you are the webmaster of this site, you can disable this security from your cPanel account.
                
              `,
              "link": "How to manage this security with the Tiger Protect Tool on cPanel ?", 
              "rule" : "Name of the security rule triggered"
          },
          "fr": {
              "title": `
                
                  Ralentissez
                              
              `,
              "lead": `
                  
                    Cette requête a été bloquée par une sécurité activée sur l'hébergement, suite à de trop nombreuses
                    tentatives d'accès détecté (Rate-limit). <br/>
                    Si vous êtes le webmaster de ce site, vous pouvez désactiver cette sécurité depuis votre compte cPanel.
                  
              `,
              "link": "Comment gérer cette sécurité avec TigerProtect dans cPanel ?", 
              "rule" : "Nom de la règle de sécurité déclenchée"
          },
      };
      function browserLocales(languageCodeOnly = false) {
          return navigator.languages.map((locale) =>
              languageCodeOnly ? locale.split("-")[0] : locale,
          );
      }
      function isSupported(locale) {
          return supportedLocales.indexOf(locale) > -1;
      }
      function supportedOrDefault(locales) {
          return locales.find(isSupported) || 'en';
      }
      const locale = supportedOrDefault(browserLocales(true));

      document.querySelectorAll("[data-i18n-key]").forEach(function(element) {
              const key = element.getAttribute("data-i18n-key");
              const translation = translations[locale][key];
              element.innerHTML = translation;
          }
      );
    });
  </script>
</body>
</html>

<!--Debug [[Security_Rule = ""; More_info = ""; HTTP_Code = "429""; Request_ID = "73474cd4b58c3a1711b2633602b0994c"; Support = "support@o2switch.fr"; Link = "https://faq.o2switch.fr/hebergement-mutualise/tutoriels-cpanel/tiger-protect"]] EndOfDebug-->

classpath:features/FreeFakeAPI.feature:48
status code was: 429, expected: 204, response time in milliseconds: 1056, url: https://freefakeapi.io/api/posts/16, response: 
<!--Debug [[Security_Rule = ""; More_info = ""; HTTP_Code = "429""; Request_ID = "476edaa0e555065e9ba60a56311a8be8"; Support = "support@o2switch.fr"; Link = "https://faq.o2switch.fr/hebergement-mutualise/tutoriels-cpanel/tiger-protect"]] EndOfDebug-->
<!DOCTYPE HTML>
<html lang="en-US">
<head>
  <meta charset="UTF-8" />
  <meta http-equiv="Content-Type" content="text/html; charset=UTF-8" />
  <meta http-equiv="X-UA-Compatible" content="IE=Edge,chrome=1" />
  <meta name="robots" content="noindex" />
  <meta name="retry-after" content="240" />
  <meta name="viewport" content="width=device-width, initial-scale=1, maximum-scale=1" />
  <link rel="stylesheet" href="https://cdnjs.cloudflare.com/ajax/libs/font-awesome/5.15.3/css/all.min.css" integrity="sha512-iBBXm8fW90+nuLcSKlbmrPcLa0OT92xO1BIsZ+ywDWZCvqsWgccV3gFoRBv0z+8dLJgyAHIhR35VZc2oM/gI1w==" crossorigin="anonymous" referrerpolicy="no-referrer" />
  <script src="https://cdnjs.cloudflare.com/ajax/libs/font-awesome/5.15.3/js/all.min.js" integrity="sha512-RXf+QSDCUQs5uwRKaDoXt55jygZZm2V++WUZduaU/Ui/9EGp3f/2KZVahFZBKGH0s774sd3HmrhUy+SgOFQLVQ==" crossorigin="anonymous" referrerpolicy="no-referrer"></script>
  <script src="https://cdnjs.cloudflare.com/ajax/libs/jquery/3.6.1/jquery.min.js" integrity="sha512-aVKKRRi/Q/YV+4mjoKBsE4x3H+BkegoM/em46NNlCqNTmUYADjBbeNefNxYV7giUp0VxICtqdrbqU7iVaeZNXA==" crossorigin="anonymous" referrerpolicy="no-referrer"></script>
  <link id="favicon" rel="shortcut icon" type="image/svg+xml" href="https://o2swit.ch/assets/favicon.svg"/>
  <link href="https://o2swit.ch/assets/style.css" rel="stylesheet">

  <title>HTTP 429</title>
</head>
<body>
<table width="100%" height="100%" cellpadding="20">
  <tr>
    <td align="center" valign="middle">
      <div class="o2s-browser-check">
        <div id="o2s-content">
          <h1>
            
              <i class="fas fa-hand-paper"></i>
            
            HTTP 429<br/>
            <small data-i18n-key="title">
              
                Ralentissez
              
            </small>
          </h1>

          <p style="margin-top:2em;" data-i18n-key="lead">
            
              Cette requête a été bloquée par une sécurité activée sur l'hébergement, suite à de trop nombreuses
              tentatives d'accès détecté (Rate-limit). <br/>
              Si vous êtes le webmaster de ce site, vous pouvez désactiver cette sécurité depuis votre compte cPanel.
            
          </p>

          

          
            <p style="margin-top:1em;"> 
              <span style="text-decoration:  none;"><i class="fas fa-external-link-alt"></i> </span>
              <a href="https://faq.o2switch.fr/hebergement-mutualise/tutoriels-cpanel/tiger-protect" target="_blank">
                <span data-i18n-key="link">
                  Comment gérer cette sécurité avec TigerProtect dans cPanel ?
                </span>
              </a>
            </p>
          


          

        </div>
      </div>

      
      <div>
        <img id="img" width="250" src="https://o2swit.ch/assets/tiger.svg" />
        <br/><br/>
        <small>
          <a href="https://www.o2switch.fr" target="_blank">support@o2switch.fr</a>
          -
          <a href="https://faq.o2switch.fr/hebergement-mutualise/tutoriels-cpanel/tiger-protect" target="_blank">Tiger Protect</a> <br/>
          <strong>Request ID </strong>: 20ed95f7537715ee2b7508f503235484
        </small>
        <br>
      </div>

      
    </td>
  </tr>
</table>

<script type="text/javascript">
  $(document).ready(function() {
      const supportedLocales = ["en", "fr"];
      const translations = {
          "en": {
              "title": `
                  
                    Slow down
                  
              `,
              "lead": `
                
                  This request was blocked by a security enabled on the hosting account, following too many
                  access attempts detected (Rate-limited).<br/>
                  If you are the webmaster of this site, you can disable this security from your cPanel account.
                
              `,
              "link": "How to manage this security with the Tiger Protect Tool on cPanel ?", 
              "rule" : "Name of the security rule triggered"
          },
          "fr": {
              "title": `
                
                  Ralentissez
                              
              `,
              "lead": `
                  
                    Cette requête a été bloquée par une sécurité activée sur l'hébergement, suite à de trop nombreuses
                    tentatives d'accès détecté (Rate-limit). <br/>
                    Si vous êtes le webmaster de ce site, vous pouvez désactiver cette sécurité depuis votre compte cPanel.
                  
              `,
              "link": "Comment gérer cette sécurité avec TigerProtect dans cPanel ?", 
              "rule" : "Nom de la règle de sécurité déclenchée"
          },
      };
      function browserLocales(languageCodeOnly = false) {
          return navigator.languages.map((locale) =>
              languageCodeOnly ? locale.split("-")[0] : locale,
          );
      }
      function isSupported(locale) {
          return supportedLocales.indexOf(locale) > -1;
      }
      function supportedOrDefault(locales) {
          return locales.find(isSupported) || 'en';
      }
      const locale = supportedOrDefault(browserLocales(true));

      document.querySelectorAll("[data-i18n-key]").forEach(function(element) {
              const key = element.getAttribute("data-i18n-key");
              const translation = translations[locale][key];
              element.innerHTML = translation;
          }
      );
    });
  </script>
</body>
</html>

<!--Debug [[Security_Rule = ""; More_info = ""; HTTP_Code = "429""; Request_ID = "7ce3ec664910a7318c9aef703c480d45"; Support = "support@o2switch.fr"; Link = "https://faq.o2switch.fr/hebergement-mutualise/tutoriels-cpanel/tiger-protect"]] EndOfDebug-->

classpath:features/FreeFakeAPI.feature:55
<<<

HTML report: (paste into browser to view) | Karate version: 1.2.0
file:///C:/ZZModule3/ModuleTest3/KarateAPIAutomation/Cucumber-Karate/karate-summary.html
===================================================================

]]></system-out>
  </testcase>
</testsuite>